<?xml version="1.0" encoding="UTF-8"?>
<testng-results ignored="0" total="1" passed="1" failed="0" skipped="0">
  <reporter-output>
  </reporter-output>
  <suite started-at="2024-07-02T15:08:52 IST" name="Surefire suite" finished-at="2024-07-02T15:08:52 IST" duration-ms="77">
    <groups>
    </groups>
    <test started-at="2024-07-02T15:08:52 IST" name="Surefire test" finished-at="2024-07-02T15:08:52 IST" duration-ms="77">
      <class name="com.br.PageObjectModelDemo.AppTest">
        <test-method signature="shouldAnswerWithTrue()" started-at="2024-07-02T15:08:52 IST" name="shouldAnswerWithTrue" finished-at="2024-07-02T15:08:52 IST" duration-ms="11" status="PASS">
          <reporter-output>
          </reporter-output>
        </test-method> <!-- shouldAnswerWithTrue -->
      </class> <!-- com.br.PageObjectModelDemo.AppTest -->
    </test> <!-- Surefire test -->
  </suite> <!-- Surefire suite -->
</testng-results>
