<?xml version="1.0" encoding="UTF-8"?>
<testng-results ignored="0" total="1" passed="1" failed="0" skipped="0">
  <reporter-output>
  </reporter-output>
  <suite started-at="2024-07-02T15:08:42 IST" name="Surefire suite" finished-at="2024-07-02T15:08:52 IST" duration-ms="9754">
    <groups>
    </groups>
    <test started-at="2024-07-02T15:08:42 IST" name="Surefire test" finished-at="2024-07-02T15:08:52 IST" duration-ms="9754">
      <class name="testsuite.TestMethods">
        <test-method is-config="true" signature="verifyLaunch()[pri:0, instance:testsuite.TestMethods@1ba9117e]" started-at="2024-07-02T15:08:42 IST" name="verifyLaunch" finished-at="2024-07-02T15:08:51 IST" duration-ms="8624" status="PASS">
          <reporter-output>
          </reporter-output>
        </test-method> <!-- verifyLaunch -->
        <test-method signature="verifyLogin()[pri:0, instance:testsuite.TestMethods@1ba9117e]" started-at="2024-07-02T15:08:51 IST" name="verifyLogin" finished-at="2024-07-02T15:08:52 IST" duration-ms="817" status="PASS">
          <reporter-output>
          </reporter-output>
        </test-method> <!-- verifyLogin -->
        <test-method is-config="true" signature="verifyCloseApp()[pri:0, instance:testsuite.TestMethods@1ba9117e]" started-at="2024-07-02T15:08:52 IST" name="verifyCloseApp" finished-at="2024-07-02T15:08:52 IST" duration-ms="215" status="PASS">
          <reporter-output>
          </reporter-output>
        </test-method> <!-- verifyCloseApp -->
      </class> <!-- testsuite.TestMethods -->
    </test> <!-- Surefire test -->
  </suite> <!-- Surefire suite -->
</testng-results>
