<?xml version="1.0" encoding="UTF-8"?>
<testng-results ignored="0" total="1" passed="1" failed="0" skipped="0">
  <reporter-output>
  </reporter-output>
  <suite started-at="2024-06-17T18:06:28 IST" name="Default suite" finished-at="2024-06-17T18:06:42 IST" duration-ms="13828">
    <groups>
    </groups>
    <test started-at="2024-06-17T18:06:28 IST" name="Default test" finished-at="2024-06-17T18:06:42 IST" duration-ms="13828">
      <class name="testsuite.TestMethods">
        <test-method is-config="true" signature="verifyLaunch()[pri:0, instance:testsuite.TestMethods@2892d68]" started-at="2024-06-17T18:06:28 IST" name="verifyLaunch" finished-at="2024-06-17T18:06:40 IST" duration-ms="12336" status="PASS">
          <reporter-output>
          </reporter-output>
        </test-method> <!-- verifyLaunch -->
        <test-method signature="verifyLogin()[pri:0, instance:testsuite.TestMethods@2892d68]" started-at="2024-06-17T18:06:40 IST" name="verifyLogin" finished-at="2024-06-17T18:06:41 IST" duration-ms="950" status="PASS">
          <reporter-output>
          </reporter-output>
        </test-method> <!-- verifyLogin -->
        <test-method is-config="true" signature="verifyCloseApp()[pri:0, instance:testsuite.TestMethods@2892d68]" started-at="2024-06-17T18:06:41 IST" name="verifyCloseApp" finished-at="2024-06-17T18:06:42 IST" duration-ms="445" status="PASS">
          <reporter-output>
          </reporter-output>
        </test-method> <!-- verifyCloseApp -->
      </class> <!-- testsuite.TestMethods -->
    </test> <!-- Default test -->
  </suite> <!-- Default suite -->
</testng-results>
